# JRE version: OpenJDK Runtime Environment Temurin-17.0.6+10 (17.0.6+10) (build 17.0.6+10)
# Java VM: OpenJDK 64-Bit Server VM Temurin-17.0.6+10 (17.0.6+10, mixed mode, tiered, compressed oops, compressed class ptrs, g1 gc, windows-amd64)
GC Precious Log:
 CPUs: 6 total, 6 available
 Memory: 16383M
 Large Page Support: Disabled
 NUMA Support: Disabled
 Compressed Oops: Enabled (Zero based)
 Heap Region Size: 2M
 Heap Min Capacity: 8M
 Heap Initial Capacity: 256M
 Heap Max Capacity: 4G
 Pre-touch: Disabled
 Parallel Workers: 6
 Concurrent Workers: 2
 Concurrent Refinement Workers: 6
 Periodic GC: Disabled
Heap:
 garbage-first heap   total 75776K, used 42958K [0x0000000700000000, 0x0000000800000000)
  region size 2048K, 12 young (24576K), 0 survivors (0K)
 Metaspace       used 66083K, committed 66432K, reserved 1114112K
  class space    used 8326K, committed 8512K, reserved 1048576K
GC Heap History (20 events):
Event: 8.596 GC heap before
{Heap before GC invocations=15 (full 0):
 garbage-first heap   total 61440K, used 45411K [0x0000000700000000, 0x0000000800000000)
  region size 2048K, 14 young (28672K), 1 survivors (2048K)
 Metaspace       used 57268K, committed 57536K, reserved 1105920K
  class space    used 7366K, committed 7488K, reserved 1048576K
}
Event: 8.610 GC heap after
{Heap after GC invocations=16 (full 0):
 garbage-first heap   total 61440K, used 20990K [0x0000000700000000, 0x0000000800000000)
  region size 2048K, 2 young (4096K), 2 survivors (4096K)
 Metaspace       used 57268K, committed 57536K, reserved 1105920K
  class space    used 7366K, committed 7488K, reserved 1048576K
}
Event: 31.370 GC heap before
{Heap before GC invocations=16 (full 0):
 garbage-first heap   total 61440K, used 41470K [0x0000000700000000, 0x0000000800000000)
  region size 2048K, 13 young (26624K), 2 survivors (4096K)
 Metaspace       used 60299K, committed 60608K, reserved 1105920K
  class space    used 7751K, committed 7936K, reserved 1048576K
}
Event: 31.379 GC heap after
{Heap after GC invocations=17 (full 0):
 garbage-first heap   total 161792K, used 22972K [0x0000000700000000, 0x0000000800000000)
  region size 2048K, 2 young (4096K), 2 survivors (4096K)
 Metaspace       used 60299K, committed 60608K, reserved 1105920K
  class space    used 7751K, committed 7936K, reserved 1048576K
}
Event: 302.724 GC heap before
{Heap before GC invocations=18 (full 0):
 garbage-first heap   total 96256K, used 43452K [0x0000000700000000, 0x0000000800000000)
  region size 2048K, 13 young (26624K), 2 survivors (4096K)
 Metaspace       used 63850K, committed 64128K, reserved 1105920K
  class space    used 8196K, committed 8320K, reserved 1048576K
}
Event: 302.770 GC heap after
{Heap after GC invocations=19 (full 1):
 garbage-first heap   total 75776K, used 20244K [0x0000000700000000, 0x0000000800000000)
  region size 2048K, 0 young (0K), 0 survivors (0K)
 Metaspace       used 63850K, committed 64128K, reserved 1105920K
  class space    used 8196K, committed 8320K, reserved 1048576K
}
Event: 304.401 GC heap before
{Heap before GC invocations=19 (full 1):
 garbage-first heap   total 75776K, used 53012K [0x0000000700000000, 0x0000000800000000)
  region size 2048K, 17 young (34816K), 0 survivors (0K)
 Metaspace       used 64200K, committed 64576K, reserved 1105920K
  class space    used 8206K, committed 8384K, reserved 1048576K
}
Event: 304.407 GC heap after
{Heap after GC invocations=20 (full 1):
 garbage-first heap   total 75776K, used 23184K [0x0000000700000000, 0x0000000800000000)
  region size 2048K, 2 young (4096K), 2 survivors (4096K)
 Metaspace       used 64200K, committed 64576K, reserved 1105920K
  class space    used 8206K, committed 8384K, reserved 1048576K
}
Event: 393.408 GC heap before
{Heap before GC invocations=20 (full 1):
 garbage-first heap   total 75776K, used 43664K [0x0000000700000000, 0x0000000800000000)
  region size 2048K, 13 young (26624K), 2 survivors (4096K)
 Metaspace       used 64633K, committed 65024K, reserved 1105920K
  class space    used 8224K, committed 8384K, reserved 1048576K
}
Event: 393.499 GC heap after
{Heap after GC invocations=21 (full 2):
 garbage-first heap   total 75776K, used 20473K [0x0000000700000000, 0x0000000800000000)
  region size 2048K, 0 young (0K), 0 survivors (0K)
 Metaspace       used 64630K, committed 65024K, reserved 1105920K
  class space    used 8224K, committed 8384K, reserved 1048576K
}
Event: 393.991 GC heap before
{Heap before GC invocations=21 (full 2):
 garbage-first heap   total 75776K, used 55289K [0x0000000700000000, 0x0000000800000000)
  region size 2048K, 17 young (34816K), 0 survivors (0K)
 Metaspace       used 65021K, committed 65408K, reserved 1105920K
  class space    used 8236K, committed 8384K, reserved 1048576K
}
Event: 394.002 GC heap after
{Heap after GC invocations=22 (full 2):
 garbage-first heap   total 75776K, used 23302K [0x0000000700000000, 0x0000000800000000)
  region size 2048K, 2 young (4096K), 2 survivors (4096K)
 Metaspace       used 65021K, committed 65408K, reserved 1105920K
  class space    used 8236K, committed 8384K, reserved 1048576K
}
Event: 1012.149 GC heap before
{Heap before GC invocations=22 (full 2):
 garbage-first heap   total 75776K, used 56070K [0x0000000700000000, 0x0000000800000000)
  region size 2048K, 18 young (36864K), 2 survivors (4096K)
 Metaspace       used 65956K, committed 66368K, reserved 1114112K
  class space    used 8336K, committed 8512K, reserved 1048576K
}
Event: 1012.154 GC heap after
{Heap after GC invocations=23 (full 2):
 garbage-first heap   total 75776K, used 24839K [0x0000000700000000, 0x0000000800000000)
  region size 2048K, 3 young (6144K), 3 survivors (6144K)
 Metaspace       used 65956K, committed 66368K, reserved 1114112K
  class space    used 8336K, committed 8512K, reserved 1048576K
}
Event: 2640.029 GC heap before
{Heap before GC invocations=23 (full 2):
 garbage-first heap   total 75776K, used 55559K [0x0000000700000000, 0x0000000800000000)
  region size 2048K, 18 young (36864K), 3 survivors (6144K)
 Metaspace       used 66012K, committed 66432K, reserved 1114112K
  class space    used 8336K, committed 8512K, reserved 1048576K
}
Event: 2640.035 GC heap after
{Heap after GC invocations=24 (full 2):
 garbage-first heap   total 75776K, used 25059K [0x0000000700000000, 0x0000000800000000)
  region size 2048K, 2 young (4096K), 2 survivors (4096K)
 Metaspace       used 66012K, committed 66432K, reserved 1114112K
  class space    used 8336K, committed 8512K, reserved 1048576K
}
Event: 4264.222 GC heap before
{Heap before GC invocations=24 (full 2):
 garbage-first heap   total 75776K, used 55779K [0x0000000700000000, 0x0000000800000000)
  region size 2048K, 17 young (34816K), 2 survivors (4096K)
 Metaspace       used 66038K, committed 66432K, reserved 1114112K
  class space    used 8336K, committed 8512K, reserved 1048576K
}
Event: 4264.267 GC heap after
{Heap after GC invocations=25 (full 2):
 garbage-first heap   total 75776K, used 25205K [0x0000000700000000, 0x0000000800000000)
  region size 2048K, 2 young (4096K), 2 survivors (4096K)
 Metaspace       used 66038K, committed 66432K, reserved 1114112K
  class space    used 8336K, committed 8512K, reserved 1048576K
}
Event: 4431.428 GC heap before
{Heap before GC invocations=25 (full 2):
 garbage-first heap   total 75776K, used 29301K [0x0000000700000000, 0x0000000800000000)
  region size 2048K, 5 young (10240K), 2 survivors (4096K)
 Metaspace       used 66056K, committed 66432K, reserved 1114112K
  class space    used 8337K, committed 8512K, reserved 1048576K
}
Event: 4432.017 GC heap after
{Heap after GC invocations=26 (full 3):
 garbage-first heap   total 75776K, used 20430K [0x0000000700000000, 0x0000000800000000)
  region size 2048K, 0 young (0K), 0 survivors (0K)
 Metaspace       used 65990K, committed 66432K, reserved 1114112K
  class space    used 8321K, committed 8512K, reserved 1048576K
}

